<?xml version="1.0" encoding="UTF-8"?>
<coverage generated="1775682219396" clover="3.2.0">
  <project timestamp="1775682219396" name="All files">
    <metrics statements="28" coveredstatements="28" conditionals="25" coveredconditionals="25" methods="8" coveredmethods="8" elements="61" coveredelements="61" complexity="0" loc="28" ncloc="28" packages="1" files="3" classes="3"/>
    <file name="expiry.ts" path="C:\Users\ForouzandehP\Desktop\WasteLess\src\utils\expiry.ts">
      <metrics statements="14" coveredstatements="14" conditionals="6" coveredconditionals="6" methods="4" coveredmethods="4"/>
      <line num="3" count="2" type="stmt"/>
      <line num="7" count="15" type="stmt"/>
      <line num="8" count="15" type="stmt"/>
      <line num="9" count="15" type="stmt"/>
      <line num="10" count="15" type="stmt"/>
      <line num="11" count="15" type="stmt"/>
      <line num="16" count="3" type="stmt"/>
      <line num="28" count="7" type="stmt"/>
      <line num="29" count="7" type="cond" truecount="2" falsecount="0"/>
      <line num="34" count="2" type="stmt"/>
      <line num="35" count="2" type="stmt"/>
      <line num="36" count="2" type="stmt"/>
      <line num="37" count="2" type="stmt"/>
      <line num="38" count="2" type="stmt"/>
    </file>
    <file name="quantity.ts" path="C:\Users\ForouzandehP\Desktop\WasteLess\src\utils\quantity.ts">
      <metrics statements="3" coveredstatements="3" conditionals="2" coveredconditionals="2" methods="2" coveredmethods="2"/>
      <line num="3" count="14" type="cond" truecount="2" falsecount="0"/>
      <line num="4" count="13" type="stmt"/>
      <line num="16" count="8" type="stmt"/>
    </file>
    <file name="shoppingList.ts" path="C:\Users\ForouzandehP\Desktop\WasteLess\src\utils\shoppingList.ts">
      <metrics statements="11" coveredstatements="11" conditionals="17" coveredconditionals="17" methods="2" coveredmethods="2"/>
      <line num="24" count="7" type="stmt"/>
      <line num="26" count="7" type="cond" truecount="4" falsecount="0"/>
      <line num="27" count="2" type="cond" truecount="2" falsecount="0"/>
      <line num="30" count="6" type="cond" truecount="2" falsecount="0"/>
      <line num="31" count="4" type="cond" truecount="2" falsecount="0"/>
      <line num="34" count="5" type="stmt"/>
      <line num="46" count="4" type="cond" truecount="2" falsecount="0"/>
      <line num="48" count="3" type="cond" truecount="2" falsecount="0"/>
      <line num="49" count="1" type="stmt"/>
      <line num="52" count="2" type="stmt"/>
      <line num="53" count="2" type="cond" truecount="2" falsecount="0"/>
    </file>
  </project>
</coverage>
