{"C:\\Users\\ForouzandehP\\Desktop\\WasteLess\\src\\utils\\expiry.ts": {"path":"C:\\Users\\ForouzandehP\\Desktop\\WasteLess\\src\\utils\\expiry.ts","statementMap":{"0":{"start":{"line":3,"column":19},"end":{"line":3,"column":null}},"1":{"start":{"line":7,"column":17},"end":{"line":7,"column":36}},"2":{"start":{"line":8,"column":2},"end":{"line":8,"column":null}},"3":{"start":{"line":9,"column":16},"end":{"line":9,"column":29}},"4":{"start":{"line":10,"column":2},"end":{"line":10,"column":null}},"5":{"start":{"line":11,"column":2},"end":{"line":11,"column":null}},"6":{"start":{"line":16,"column":2},"end":{"line":16,"column":null}},"7":{"start":{"line":28,"column":15},"end":{"line":28,"column":46}},"8":{"start":{"line":29,"column":2},"end":{"line":29,"column":null}},"9":{"start":{"line":34,"column":16},"end":{"line":34,"column":33}},"10":{"start":{"line":35,"column":2},"end":{"line":35,"column":null}},"11":{"start":{"line":36,"column":16},"end":{"line":36,"column":29}},"12":{"start":{"line":37,"column":2},"end":{"line":37,"column":null}},"13":{"start":{"line":38,"column":2},"end":{"line":38,"column":null}}},"fnMap":{"0":{"name":"daysUntilExpiry","decl":{"start":{"line":6,"column":16},"end":{"line":6,"column":32}},"loc":{"start":{"line":6,"column":75},"end":{"line":11,"column":null}},"line":6},"1":{"name":"isExpired","decl":{"start":{"line":15,"column":16},"end":{"line":15,"column":26}},"loc":{"start":{"line":15,"column":70},"end":{"line":16,"column":null}},"line":15},"2":{"name":"isExpiringSoon","decl":{"start":{"line":23,"column":16},"end":{"line":23,"column":null}},"loc":{"start":{"line":27,"column":11},"end":{"line":29,"column":null}},"line":27},"3":{"name":"daysSinceAdded","decl":{"start":{"line":33,"column":16},"end":{"line":33,"column":31}},"loc":{"start":{"line":33,"column":72},"end":{"line":38,"column":null}},"line":33}},"branchMap":{"0":{"loc":{"start":{"line":6,"column":49},"end":{"line":6,"column":65}},"type":"default-arg","locations":[{"start":{"line":6,"column":55},"end":{"line":6,"column":65}}],"line":6},"1":{"loc":{"start":{"line":15,"column":43},"end":{"line":15,"column":59}},"type":"default-arg","locations":[{"start":{"line":15,"column":49},"end":{"line":15,"column":59}}],"line":15},"2":{"loc":{"start":{"line":26,"column":2},"end":{"line":26,"column":18}},"type":"default-arg","locations":[{"start":{"line":26,"column":8},"end":{"line":26,"column":18}}],"line":26},"3":{"loc":{"start":{"line":29,"column":9},"end":{"line":29,"column":null}},"type":"binary-expr","locations":[{"start":{"line":29,"column":9},"end":{"line":29,"column":22}},{"start":{"line":29,"column":22},"end":{"line":29,"column":null}}],"line":29},"4":{"loc":{"start":{"line":33,"column":46},"end":{"line":33,"column":62}},"type":"default-arg","locations":[{"start":{"line":33,"column":52},"end":{"line":33,"column":62}}],"line":33}},"s":{"0":2,"1":15,"2":15,"3":15,"4":15,"5":15,"6":3,"7":7,"8":7,"9":2,"10":2,"11":2,"12":2,"13":2},"f":{"0":15,"1":3,"2":7,"3":2},"b":{"0":[15],"1":[3],"2":[7],"3":[7,6],"4":[2]},"meta":{"lastBranch":5,"lastFunction":4,"lastStatement":14,"seen":{"s:3:19:3:Infinity":0,"f:6:16:6:32":0,"b:6:55:6:65":0,"s:7:17:7:36":1,"s:8:2:8:Infinity":2,"s:9:16:9:29":3,"s:10:2:10:Infinity":4,"s:11:2:11:Infinity":5,"f:15:16:15:26":1,"b:15:49:15:59":1,"s:16:2:16:Infinity":6,"f:23:16:23:Infinity":2,"b:26:8:26:18":2,"s:28:15:28:46":7,"s:29:2:29:Infinity":8,"b:29:9:29:22:29:22:29:Infinity":3,"f:33:16:33:31":3,"b:33:52:33:62":4,"s:34:16:34:33":9,"s:35:2:35:Infinity":10,"s:36:16:36:29":11,"s:37:2:37:Infinity":12,"s:38:2:38:Infinity":13}}}
,"C:\\Users\\ForouzandehP\\Desktop\\WasteLess\\src\\utils\\quantity.ts": {"path":"C:\\Users\\ForouzandehP\\Desktop\\WasteLess\\src\\utils\\quantity.ts","statementMap":{"0":{"start":{"line":3,"column":2},"end":{"line":3,"column":null}},"1":{"start":{"line":3,"column":20},"end":{"line":3,"column":null}},"2":{"start":{"line":4,"column":2},"end":{"line":4,"column":null}},"3":{"start":{"line":16,"column":2},"end":{"line":16,"column":null}}},"fnMap":{"0":{"name":"quantityPercentage","decl":{"start":{"line":2,"column":16},"end":{"line":2,"column":35}},"loc":{"start":{"line":2,"column":77},"end":{"line":4,"column":null}},"line":2},"1":{"name":"isLowQuantity","decl":{"start":{"line":11,"column":16},"end":{"line":11,"column":null}},"loc":{"start":{"line":15,"column":11},"end":{"line":16,"column":null}},"line":15}},"branchMap":{"0":{"loc":{"start":{"line":3,"column":2},"end":{"line":3,"column":null}},"type":"if","locations":[{"start":{"line":3,"column":2},"end":{"line":3,"column":null}},{"start":{},"end":{}}],"line":3}},"s":{"0":14,"1":1,"2":13,"3":8},"f":{"0":14,"1":8},"b":{"0":[1,13]},"meta":{"lastBranch":1,"lastFunction":2,"lastStatement":4,"seen":{"f:2:16:2:35":0,"b:3:2:3:Infinity:undefined:undefined:undefined:undefined":0,"s:3:2:3:Infinity":0,"s:3:20:3:Infinity":1,"s:4:2:4:Infinity":2,"f:11:16:11:Infinity":1,"s:16:2:16:Infinity":3}}}
,"C:\\Users\\ForouzandehP\\Desktop\\WasteLess\\src\\utils\\shoppingList.ts": {"path":"C:\\Users\\ForouzandehP\\Desktop\\WasteLess\\src\\utils\\shoppingList.ts","statementMap":{"0":{"start":{"line":24,"column":6},"end":{"line":24,"column":null}},"1":{"start":{"line":26,"column":2},"end":{"line":27,"column":null}},"2":{"start":{"line":27,"column":4},"end":{"line":27,"column":null}},"3":{"start":{"line":27,"column":59},"end":{"line":27,"column":null}},"4":{"start":{"line":30,"column":2},"end":{"line":31,"column":null}},"5":{"start":{"line":31,"column":4},"end":{"line":31,"column":null}},"6":{"start":{"line":31,"column":63},"end":{"line":31,"column":null}},"7":{"start":{"line":34,"column":2},"end":{"line":34,"column":null}},"8":{"start":{"line":46,"column":2},"end":{"line":46,"column":null}},"9":{"start":{"line":46,"column":23},"end":{"line":46,"column":null}},"10":{"start":{"line":48,"column":2},"end":{"line":49,"column":null}},"11":{"start":{"line":49,"column":4},"end":{"line":49,"column":null}},"12":{"start":{"line":52,"column":8},"end":{"line":52,"column":46}},"13":{"start":{"line":53,"column":2},"end":{"line":53,"column":null}}},"fnMap":{"0":{"name":"shouldAutoAdd","decl":{"start":{"line":15,"column":16},"end":{"line":15,"column":30}},"loc":{"start":{"line":15,"column":61},"end":{"line":34,"column":null}},"line":15},"1":{"name":"linkedItemNote","decl":{"start":{"line":41,"column":16},"end":{"line":41,"column":null}},"loc":{"start":{"line":45,"column":17},"end":{"line":53,"column":null}},"line":45}},"branchMap":{"0":{"loc":{"start":{"line":26,"column":2},"end":{"line":27,"column":null}},"type":"if","locations":[{"start":{"line":26,"column":2},"end":{"line":27,"column":null}},{"start":{},"end":{}}],"line":26},"1":{"loc":{"start":{"line":26,"column":6},"end":{"line":26,"column":45}},"type":"binary-expr","locations":[{"start":{"line":26,"column":6},"end":{"line":26,"column":25}},{"start":{"line":26,"column":25},"end":{"line":26,"column":45}}],"line":26},"2":{"loc":{"start":{"line":27,"column":4},"end":{"line":27,"column":null}},"type":"if","locations":[{"start":{"line":27,"column":4},"end":{"line":27,"column":null}},{"start":{},"end":{}}],"line":27},"3":{"loc":{"start":{"line":30,"column":2},"end":{"line":31,"column":null}},"type":"if","locations":[{"start":{"line":30,"column":2},"end":{"line":31,"column":null}},{"start":{},"end":{}}],"line":30},"4":{"loc":{"start":{"line":31,"column":4},"end":{"line":31,"column":null}},"type":"if","locations":[{"start":{"line":31,"column":4},"end":{"line":31,"column":null}},{"start":{},"end":{}}],"line":31},"5":{"loc":{"start":{"line":44,"column":2},"end":{"line":44,"column":18}},"type":"default-arg","locations":[{"start":{"line":44,"column":8},"end":{"line":44,"column":18}}],"line":44},"6":{"loc":{"start":{"line":46,"column":2},"end":{"line":46,"column":null}},"type":"if","locations":[{"start":{"line":46,"column":2},"end":{"line":46,"column":null}},{"start":{},"end":{}}],"line":46},"7":{"loc":{"start":{"line":48,"column":2},"end":{"line":49,"column":null}},"type":"if","locations":[{"start":{"line":48,"column":2},"end":{"line":49,"column":null}},{"start":{},"end":{}}],"line":48},"8":{"loc":{"start":{"line":53,"column":74},"end":{"line":53,"column":96}},"type":"cond-expr","locations":[{"start":{"line":53,"column":87},"end":{"line":53,"column":92}},{"start":{"line":53,"column":92},"end":{"line":53,"column":96}}],"line":53}},"s":{"0":7,"1":7,"2":2,"3":1,"4":6,"5":4,"6":1,"7":5,"8":4,"9":1,"10":3,"11":1,"12":2,"13":2},"f":{"0":7,"1":4},"b":{"0":[2,5],"1":[7,5],"2":[1,1],"3":[4,2],"4":[1,3],"5":[4],"6":[1,3],"7":[1,2],"8":[1,1]},"meta":{"lastBranch":9,"lastFunction":2,"lastStatement":14,"seen":{"f:15:16:15:30":0,"s:24:6:24:Infinity":0,"b:26:2:27:Infinity:undefined:undefined:undefined:undefined":0,"s:26:2:27:Infinity":1,"b:26:6:26:25:26:25:26:45":1,"b:27:4:27:Infinity:undefined:undefined:undefined:undefined":2,"s:27:4:27:Infinity":2,"s:27:59:27:Infinity":3,"b:30:2:31:Infinity:undefined:undefined:undefined:undefined":3,"s:30:2:31:Infinity":4,"b:31:4:31:Infinity:undefined:undefined:undefined:undefined":4,"s:31:4:31:Infinity":5,"s:31:63:31:Infinity":6,"s:34:2:34:Infinity":7,"f:41:16:41:Infinity":1,"b:44:8:44:18":5,"b:46:2:46:Infinity:undefined:undefined:undefined:undefined":6,"s:46:2:46:Infinity":8,"s:46:23:46:Infinity":9,"b:48:2:49:Infinity:undefined:undefined:undefined:undefined":7,"s:48:2:49:Infinity":10,"s:49:4:49:Infinity":11,"s:52:8:52:46":12,"s:53:2:53:Infinity":13,"b:53:87:53:92:53:92:53:96":8}}}
}
